-------------------------------------------------------------------------------
Test set: Payment
-------------------------------------------------------------------------------
Tests run: 1, Failures: 1, Errors: 0, Skipped: 0, Time elapsed: 0.224 s <<< FAILURE! - in Payment
Successful Payment  Time elapsed: 0.221 s  <<< FAILURE!
org.opentest4j.AssertionFailedError: expected: <true> but was: <false>

